2023-11-13T10:54:25.802+09:00  INFO 24808 --- [restartedMain] com.a504.qookie.QookieApplication        : Starting QookieApplication using Java 17.0.7 with PID 24808 (C:\Users\SSAFY\Desktop\jayul\S09P31A504\backend\build\classes\java\main started by SSAFY in C:\Users\SSAFY\Desktop\jayul\S09P31A504\backend)
2023-11-13T10:54:25.809+09:00  INFO 24808 --- [restartedMain] com.a504.qookie.QookieApplication        : The following 1 profile is active: "secret"
2023-11-13T10:54:25.867+09:00  INFO 24808 --- [restartedMain] .e.DevToolsPropertyDefaultsPostProcessor : Devtools property defaults active! Set 'spring.devtools.add-properties' to 'false' to disable
2023-11-13T10:54:25.867+09:00  INFO 24808 --- [restartedMain] .e.DevToolsPropertyDefaultsPostProcessor : For additional web related logging consider setting the 'logging.level.web' property to 'DEBUG'
2023-11-13T10:54:26.890+09:00  INFO 24808 --- [restartedMain] .s.d.r.c.RepositoryConfigurationDelegate : Multiple Spring Data modules found, entering strict repository configuration mode
2023-11-13T10:54:26.891+09:00  INFO 24808 --- [restartedMain] .s.d.r.c.RepositoryConfigurationDelegate : Bootstrapping Spring Data JPA repositories in DEFAULT mode.
2023-11-13T10:54:27.119+09:00  INFO 24808 --- [restartedMain] .RepositoryConfigurationExtensionSupport : Spring Data JPA - Could not safely identify store assignment for repository candidate interface com.a504.qookie.global.redis.JwtPublicKeyRedisRepository; If you want this repository to be a JPA repository, consider annotating your entities with one of these annotations: jakarta.persistence.Entity, jakarta.persistence.MappedSuperclass (preferred), or consider extending one of the following types with your repository: org.springframework.data.jpa.repository.JpaRepository
2023-11-13T10:54:27.163+09:00  INFO 24808 --- [restartedMain] .s.d.r.c.RepositoryConfigurationDelegate : Finished Spring Data repository scanning in 266 ms. Found 15 JPA repository interfaces.
2023-11-13T10:54:27.183+09:00  INFO 24808 --- [restartedMain] .s.d.r.c.RepositoryConfigurationDelegate : Multiple Spring Data modules found, entering strict repository configuration mode
2023-11-13T10:54:27.185+09:00  INFO 24808 --- [restartedMain] .s.d.r.c.RepositoryConfigurationDelegate : Bootstrapping Spring Data Redis repositories in DEFAULT mode.
2023-11-13T10:54:27.203+09:00  INFO 24808 --- [restartedMain] .RepositoryConfigurationExtensionSupport : Spring Data Redis - Could not safely identify store assignment for repository candidate interface com.a504.qookie.domain.badge.repository.BadgeRepository; If you want this repository to be a Redis repository, consider annotating your entities with one of these annotations: org.springframework.data.redis.core.RedisHash (preferred), or consider extending one of the following types with your repository: org.springframework.data.keyvalue.repository.KeyValueRepository
2023-11-13T10:54:27.204+09:00  INFO 24808 --- [restartedMain] .RepositoryConfigurationExtensionSupport : Spring Data Redis - Could not safely identify store assignment for repository candidate interface com.a504.qookie.domain.cookie.repository.BodyRepository; If you want this repository to be a Redis repository, consider annotating your entities with one of these annotations: org.springframework.data.redis.core.RedisHash (preferred), or consider extending one of the following types with your repository: org.springframework.data.keyvalue.repository.KeyValueRepository
2023-11-13T10:54:27.204+09:00  INFO 24808 --- [restartedMain] .RepositoryConfigurationExtensionSupport : Spring Data Redis - Could not safely identify store assignment for repository candidate interface com.a504.qookie.domain.cookie.repository.CookieCollectionRepository; If you want this repository to be a Redis repository, consider annotating your entities with one of these annotations: org.springframework.data.redis.core.RedisHash (preferred), or consider extending one of the following types with your repository: org.springframework.data.keyvalue.repository.KeyValueRepository
2023-11-13T10:54:27.204+09:00  INFO 24808 --- [restartedMain] .RepositoryConfigurationExtensionSupport : Spring Data Redis - Could not safely identify store assignment for repository candidate interface com.a504.qookie.domain.cookie.repository.CookieRepository; If you want this repository to be a Redis repository, consider annotating your entities with one of these annotations: org.springframework.data.redis.core.RedisHash (preferred), or consider extending one of the following types with your repository: org.springframework.data.keyvalue.repository.KeyValueRepository
2023-11-13T10:54:27.204+09:00  INFO 24808 --- [restartedMain] .RepositoryConfigurationExtensionSupport : Spring Data Redis - Could not safely identify store assignment for repository candidate interface com.a504.qookie.domain.cookie.repository.EyeRepository; If you want this repository to be a Redis repository, consider annotating your entities with one of these annotations: org.springframework.data.redis.core.RedisHash (preferred), or consider extending one of the following types with your repository: org.springframework.data.keyvalue.repository.KeyValueRepository
2023-11-13T10:54:27.204+09:00  INFO 24808 --- [restartedMain] .RepositoryConfigurationExtensionSupport : Spring Data Redis - Could not safely identify store assignment for repository candidate interface com.a504.qookie.domain.cookie.repository.MouthRepository; If you want this repository to be a Redis repository, consider annotating your entities with one of these annotations: org.springframework.data.redis.core.RedisHash (preferred), or consider extending one of the following types with your repository: org.springframework.data.keyvalue.repository.KeyValueRepository
2023-11-13T10:54:27.205+09:00  INFO 24808 --- [restartedMain] .RepositoryConfigurationExtensionSupport : Spring Data Redis - Could not safely identify store assignment for repository candidate interface com.a504.qookie.domain.heart.repository.HeartRepository; If you want this repository to be a Redis repository, consider annotating your entities with one of these annotations: org.springframework.data.redis.core.RedisHash (preferred), or consider extending one of the following types with your repository: org.springframework.data.keyvalue.repository.KeyValueRepository
2023-11-13T10:54:27.205+09:00  INFO 24808 --- [restartedMain] .RepositoryConfigurationExtensionSupport : Spring Data Redis - Could not safely identify store assignment for repository candidate interface com.a504.qookie.domain.item.repository.ItemRepository; If you want this repository to be a Redis repository, consider annotating your entities with one of these annotations: org.springframework.data.redis.core.RedisHash (preferred), or consider extending one of the following types with your repository: org.springframework.data.keyvalue.repository.KeyValueRepository
2023-11-13T10:54:27.206+09:00  INFO 24808 --- [restartedMain] .RepositoryConfigurationExtensionSupport : Spring Data Redis - Could not safely identify store assignment for repository candidate interface com.a504.qookie.domain.member.repository.HistoryRepository; If you want this repository to be a Redis repository, consider annotating your entities with one of these annotations: org.springframework.data.redis.core.RedisHash (preferred), or consider extending one of the following types with your repository: org.springframework.data.keyvalue.repository.KeyValueRepository
2023-11-13T10:54:27.206+09:00  INFO 24808 --- [restartedMain] .RepositoryConfigurationExtensionSupport : Spring Data Redis - Could not safely identify store assignment for repository candidate interface com.a504.qookie.domain.member.repository.MemberBadgeRepository; If you want this repository to be a Redis repository, consider annotating your entities with one of these annotations: org.springframework.data.redis.core.RedisHash (preferred), or consider extending one of the following types with your repository: org.springframework.data.keyvalue.repository.KeyValueRepository
2023-11-13T10:54:27.206+09:00  INFO 24808 --- [restartedMain] .RepositoryConfigurationExtensionSupport : Spring Data Redis - Could not safely identify store assignment for repository candidate interface com.a504.qookie.domain.member.repository.MemberItemRepository; If you want this repository to be a Redis repository, consider annotating your entities with one of these annotations: org.springframework.data.redis.core.RedisHash (preferred), or consider extending one of the following types with your repository: org.springframework.data.keyvalue.repository.KeyValueRepository
2023-11-13T10:54:27.207+09:00  INFO 24808 --- [restartedMain] .RepositoryConfigurationExtensionSupport : Spring Data Redis - Could not safely identify store assignment for repository candidate interface com.a504.qookie.domain.member.repository.MemberQuestRepository; If you want this repository to be a Redis repository, consider annotating your entities with one of these annotations: org.springframework.data.redis.core.RedisHash (preferred), or consider extending one of the following types with your repository: org.springframework.data.keyvalue.repository.KeyValueRepository
2023-11-13T10:54:27.208+09:00  INFO 24808 --- [restartedMain] .RepositoryConfigurationExtensionSupport : Spring Data Redis - Could not safely identify store assignment for repository candidate interface com.a504.qookie.domain.member.repository.MemberRepository; If you want this repository to be a Redis repository, consider annotating your entities with one of these annotations: org.springframework.data.redis.core.RedisHash (preferred), or consider extending one of the following types with your repository: org.springframework.data.keyvalue.repository.KeyValueRepository
2023-11-13T10:54:27.208+09:00  INFO 24808 --- [restartedMain] .RepositoryConfigurationExtensionSupport : Spring Data Redis - Could not safely identify store assignment for repository candidate interface com.a504.qookie.domain.notification.NotificationRepository; If you want this repository to be a Redis repository, consider annotating your entities with one of these annotations: org.springframework.data.redis.core.RedisHash (preferred), or consider extending one of the following types with your repository: org.springframework.data.keyvalue.repository.KeyValueRepository
2023-11-13T10:54:27.209+09:00  INFO 24808 --- [restartedMain] .RepositoryConfigurationExtensionSupport : Spring Data Redis - Could not safely identify store assignment for repository candidate interface com.a504.qookie.domain.quest.repository.QuestRepository; If you want this repository to be a Redis repository, consider annotating your entities with one of these annotations: org.springframework.data.redis.core.RedisHash (preferred), or consider extending one of the following types with your repository: org.springframework.data.keyvalue.repository.KeyValueRepository
2023-11-13T10:54:27.219+09:00  INFO 24808 --- [restartedMain] .s.d.r.c.RepositoryConfigurationDelegate : Finished Spring Data repository scanning in 25 ms. Found 1 Redis repository interfaces.
2023-11-13T10:54:28.032+09:00  INFO 24808 --- [restartedMain] o.s.b.w.embedded.tomcat.TomcatWebServer  : Tomcat initialized with port(s): 8000 (http)
2023-11-13T10:54:28.041+09:00  INFO 24808 --- [restartedMain] o.apache.catalina.core.StandardService   : Starting service [Tomcat]
2023-11-13T10:54:28.041+09:00  INFO 24808 --- [restartedMain] o.apache.catalina.core.StandardEngine    : Starting Servlet engine: [Apache Tomcat/10.1.13]
2023-11-13T10:54:28.132+09:00  INFO 24808 --- [restartedMain] o.a.c.c.C.[Tomcat].[localhost].[/]       : Initializing Spring embedded WebApplicationContext
2023-11-13T10:54:28.133+09:00  INFO 24808 --- [restartedMain] w.s.c.ServletWebServerApplicationContext : Root WebApplicationContext: initialization completed in 2264 ms
2023-11-13T10:54:28.334+09:00  INFO 24808 --- [restartedMain] o.hibernate.jpa.internal.util.LogHelper  : HHH000204: Processing PersistenceUnitInfo [name: default]
2023-11-13T10:54:28.416+09:00  INFO 24808 --- [restartedMain] org.hibernate.Version                    : HHH000412: Hibernate ORM core version 6.2.9.Final
2023-11-13T10:54:28.419+09:00  INFO 24808 --- [restartedMain] org.hibernate.cfg.Environment            : HHH000406: Using bytecode reflection optimizer
2023-11-13T10:54:28.596+09:00  INFO 24808 --- [restartedMain] o.h.b.i.BytecodeProviderInitiator        : HHH000021: Bytecode provider name : bytebuddy
2023-11-13T10:54:28.763+09:00  INFO 24808 --- [restartedMain] o.s.o.j.p.SpringPersistenceUnitInfo      : No LoadTimeWeaver setup: ignoring JPA class transformer
2023-11-13T10:54:28.780+09:00  INFO 24808 --- [restartedMain] com.zaxxer.hikari.HikariDataSource       : HikariPool-1 - Starting...
2023-11-13T10:54:29.317+09:00  INFO 24808 --- [restartedMain] com.zaxxer.hikari.pool.HikariPool        : HikariPool-1 - Added connection com.mysql.cj.jdbc.ConnectionImpl@53dbe619
2023-11-13T10:54:29.319+09:00  INFO 24808 --- [restartedMain] com.zaxxer.hikari.HikariDataSource       : HikariPool-1 - Start completed.
2023-11-13T10:54:29.704+09:00  INFO 24808 --- [restartedMain] o.h.b.i.BytecodeProviderInitiator        : HHH000021: Bytecode provider name : bytebuddy
2023-11-13T10:54:30.492+09:00  INFO 24808 --- [restartedMain] o.h.e.t.j.p.i.JtaPlatformInitiator       : HHH000490: Using JtaPlatform implementation: [org.hibernate.engine.transaction.jta.platform.internal.NoJtaPlatform]
2023-11-13T10:54:31.969+09:00  INFO 24808 --- [restartedMain] j.LocalContainerEntityManagerFactoryBean : Initialized JPA EntityManagerFactory for persistence unit 'default'
2023-11-13T10:54:33.521+09:00  INFO 24808 --- [restartedMain] o.s.b.d.a.OptionalLiveReloadServer       : LiveReload server is running on port 35729
2023-11-13T10:54:33.598+09:00  WARN 24808 --- [restartedMain] .s.s.UserDetailsServiceAutoConfiguration : 

Using generated security password: cac7eced-9cdb-4dcb-a599-624e0f0d253b

This generated password is for development use only. Your security configuration must be updated before running your application in production.

2023-11-13T10:54:33.871+09:00  INFO 24808 --- [restartedMain] o.s.s.web.DefaultSecurityFilterChain     : Will secure Or [Mvc [pattern='/api/**']] with [org.springframework.security.web.session.DisableEncodeUrlFilter@4d396cea, org.springframework.security.web.context.request.async.WebAsyncManagerIntegrationFilter@14963575, org.springframework.security.web.context.SecurityContextHolderFilter@22f714c6, org.springframework.security.web.header.HeaderWriterFilter@10682f36, org.springframework.web.filter.CorsFilter@1a761e9f, org.springframework.security.web.authentication.logout.LogoutFilter@4733fd8d, com.a504.qookie.global.jwt.JwtFilter@4a0d5e9d, org.springframework.security.web.savedrequest.RequestCacheAwareFilter@f095580, org.springframework.security.web.servletapi.SecurityContextHolderAwareRequestFilter@9f125a7, org.springframework.security.web.authentication.AnonymousAuthenticationFilter@4c55250a, org.springframework.security.web.access.ExceptionTranslationFilter@392d731b]
2023-11-13T10:54:34.210+09:00  WARN 24808 --- [restartedMain] ocalVariableTableParameterNameDiscoverer : Using deprecated '-debug' fallback for parameter name resolution. Compile the affected code with '-parameters' instead or avoid its introspection: org.springframework.amqp.rabbit.core.RabbitAdmin
2023-11-13T10:54:34.268+09:00  INFO 24808 --- [restartedMain] o.s.b.w.embedded.tomcat.TomcatWebServer  : Tomcat started on port(s): 8000 (http) with context path ''
2023-11-13T10:54:34.270+09:00  INFO 24808 --- [restartedMain] o.s.a.r.c.CachingConnectionFactory       : Attempting to connect to: localhost:5672
2023-11-13T10:54:34.279+09:00  INFO 24808 --- [restartedMain] o.s.a.r.l.SimpleMessageListenerContainer : Broker not available; cannot force queue declarations during start: java.net.ConnectException: Connection refused: no further information
2023-11-13T10:54:34.287+09:00  INFO 24808 --- [org.springframework.amqp.rabbit.RabbitListenerEndpointContainer#0-1] o.s.a.r.c.CachingConnectionFactory       : Attempting to connect to: localhost:5672
2023-11-13T10:54:34.288+09:00 ERROR 24808 --- [org.springframework.amqp.rabbit.RabbitListenerEndpointContainer#0-1] o.s.a.r.l.SimpleMessageListenerContainer : Failed to check/redeclare auto-delete queue(s).

org.springframework.amqp.AmqpConnectException: java.net.ConnectException: Connection refused: no further information
	at org.springframework.amqp.rabbit.support.RabbitExceptionTranslator.convertRabbitAccessException(RabbitExceptionTranslator.java:61) ~[spring-rabbit-3.0.9.jar:3.0.9]
	at org.springframework.amqp.rabbit.connection.AbstractConnectionFactory.createBareConnection(AbstractConnectionFactory.java:594) ~[spring-rabbit-3.0.9.jar:3.0.9]
	at org.springframework.amqp.rabbit.connection.CachingConnectionFactory.createConnection(CachingConnectionFactory.java:711) ~[spring-rabbit-3.0.9.jar:3.0.9]
	at org.springframework.amqp.rabbit.connection.ConnectionFactoryUtils.createConnection(ConnectionFactoryUtils.java:257) ~[spring-rabbit-3.0.9.jar:3.0.9]
	at org.springframework.amqp.rabbit.core.RabbitTemplate.doExecute(RabbitTemplate.java:2225) ~[spring-rabbit-3.0.9.jar:3.0.9]
	at org.springframework.amqp.rabbit.core.RabbitTemplate.execute(RabbitTemplate.java:2198) ~[spring-rabbit-3.0.9.jar:3.0.9]
	at org.springframework.amqp.rabbit.core.RabbitTemplate.execute(RabbitTemplate.java:2178) ~[spring-rabbit-3.0.9.jar:3.0.9]
	at org.springframework.amqp.rabbit.core.RabbitAdmin.getQueueInfo(RabbitAdmin.java:465) ~[spring-rabbit-3.0.9.jar:3.0.9]
	at org.springframework.amqp.rabbit.core.RabbitAdmin.getQueueProperties(RabbitAdmin.java:449) ~[spring-rabbit-3.0.9.jar:3.0.9]
	at org.springframework.amqp.rabbit.listener.AbstractMessageListenerContainer.attemptDeclarations(AbstractMessageListenerContainer.java:1937) ~[spring-rabbit-3.0.9.jar:3.0.9]
	at org.springframework.amqp.rabbit.listener.AbstractMessageListenerContainer.redeclareElementsIfNecessary(AbstractMessageListenerContainer.java:1905) ~[spring-rabbit-3.0.9.jar:3.0.9]
	at org.springframework.amqp.rabbit.listener.SimpleMessageListenerContainer$AsyncMessageProcessingConsumer.initialize(SimpleMessageListenerContainer.java:1381) ~[spring-rabbit-3.0.9.jar:3.0.9]
	at org.springframework.amqp.rabbit.listener.SimpleMessageListenerContainer$AsyncMessageProcessingConsumer.run(SimpleMessageListenerContainer.java:1223) ~[spring-rabbit-3.0.9.jar:3.0.9]
	at java.base/java.lang.Thread.run(Thread.java:833) ~[na:na]
Caused by: java.net.ConnectException: Connection refused: no further information
	at java.base/sun.nio.ch.Net.pollConnect(Native Method) ~[na:na]
	at java.base/sun.nio.ch.Net.pollConnectNow(Net.java:672) ~[na:na]
	at java.base/sun.nio.ch.NioSocketImpl.timedFinishConnect(NioSocketImpl.java:542) ~[na:na]
	at java.base/sun.nio.ch.NioSocketImpl.connect(NioSocketImpl.java:597) ~[na:na]
	at java.base/java.net.SocksSocketImpl.connect(SocksSocketImpl.java:327) ~[na:na]
	at java.base/java.net.Socket.connect(Socket.java:633) ~[na:na]
	at com.rabbitmq.client.impl.SocketFrameHandlerFactory.create(SocketFrameHandlerFactory.java:61) ~[amqp-client-5.17.1.jar:5.17.1]
	at com.rabbitmq.client.ConnectionFactory.newConnection(ConnectionFactory.java:1234) ~[amqp-client-5.17.1.jar:5.17.1]
	at com.rabbitmq.client.ConnectionFactory.newConnection(ConnectionFactory.java:1184) ~[amqp-client-5.17.1.jar:5.17.1]
	at com.rabbitmq.client.ConnectionFactory.newConnection(ConnectionFactory.java:1354) ~[amqp-client-5.17.1.jar:5.17.1]
	at org.springframework.amqp.rabbit.connection.AbstractConnectionFactory.connectHostPort(AbstractConnectionFactory.java:645) ~[spring-rabbit-3.0.9.jar:3.0.9]
	at org.springframework.amqp.rabbit.connection.AbstractConnectionFactory.connect(AbstractConnectionFactory.java:610) ~[spring-rabbit-3.0.9.jar:3.0.9]
	at org.springframework.amqp.rabbit.connection.AbstractConnectionFactory.createBareConnection(AbstractConnectionFactory.java:557) ~[spring-rabbit-3.0.9.jar:3.0.9]
	... 12 common frames omitted

2023-11-13T10:54:34.294+09:00  INFO 24808 --- [org.springframework.amqp.rabbit.RabbitListenerEndpointContainer#0-1] o.s.a.r.c.CachingConnectionFactory       : Attempting to connect to: localhost:5672
2023-11-13T10:54:34.303+09:00  INFO 24808 --- [restartedMain] com.a504.qookie.QookieApplication        : Started QookieApplication in 9.029 seconds (process running for 9.954)
2023-11-13T10:56:14.268+09:00  INFO 24808 --- [http-nio-8000-exec-1] o.a.c.c.C.[Tomcat].[localhost].[/]       : Initializing Spring DispatcherServlet 'dispatcherServlet'
2023-11-13T10:56:14.268+09:00  INFO 24808 --- [http-nio-8000-exec-1] o.s.web.servlet.DispatcherServlet        : Initializing Servlet 'dispatcherServlet'
2023-11-13T10:56:14.269+09:00  INFO 24808 --- [http-nio-8000-exec-1] o.s.web.servlet.DispatcherServlet        : Completed initialization in 1 ms
2023-11-13T10:56:15.333+09:00 DEBUG 24808 --- [http-nio-8000-exec-2] org.hibernate.SQL                        : select m1_0.member_id,m1_0.active,m1_0.email,m1_0.message_token,m1_0.name,m1_0.point,m1_0.uid,m1_0.wakeup from member m1_0 where m1_0.uid=?
2023-11-13T10:56:15.458+09:00 DEBUG 24808 --- [http-nio-8000-exec-2] org.hibernate.SQL                        : select m1_0.member_id,m1_0.active,m1_0.email,m1_0.message_token,m1_0.name,m1_0.point,m1_0.uid,m1_0.wakeup from member m1_0 where m1_0.member_id=?
2023-11-13T10:56:15.731+09:00 DEBUG 24808 --- [http-nio-8000-exec-5] org.hibernate.SQL                        : select m1_0.member_id,m1_0.active,m1_0.email,m1_0.message_token,m1_0.name,m1_0.point,m1_0.uid,m1_0.wakeup from member m1_0 where m1_0.uid=?
2023-11-13T10:56:15.760+09:00 DEBUG 24808 --- [http-nio-8000-exec-5] org.hibernate.SQL                        : select c1_0.cookie_id,c1_0.background,c1_0.body_id,c1_0.bottom,c1_0.created_at,c1_0.exp,c1_0.eye_id,c1_0.hat,c1_0.level,c1_0.member_id,c1_0.mouth_id,c1_0.name,c1_0.shoe,c1_0.top from cookie c1_0 where c1_0.member_id=?
2023-11-13T10:56:15.837+09:00 DEBUG 24808 --- [http-nio-8000-exec-5] org.hibernate.SQL                        : select b1_0.body_id,b1_0.image,b1_0.stage from body b1_0 where b1_0.body_id=?
2023-11-13T10:56:15.851+09:00 DEBUG 24808 --- [http-nio-8000-exec-5] org.hibernate.SQL                        : select e1_0.eye_id,e1_0.image from eye e1_0 where e1_0.eye_id=?
2023-11-13T10:56:15.891+09:00 DEBUG 24808 --- [http-nio-8000-exec-5] org.hibernate.SQL                        : select m1_0.mouth_id,m1_0.image from mouth m1_0 where m1_0.mouth_id=?
2023-11-13T10:56:15.902+09:00 DEBUG 24808 --- [http-nio-8000-exec-5] org.hibernate.SQL                        : select i1_0.item_id,i1_0.category,i1_0.is_new,i1_0.media,i1_0.name,i1_0.price,i1_0.thumbnail from item i1_0 where i1_0.item_id=?
2023-11-13T10:56:15.908+09:00 DEBUG 24808 --- [http-nio-8000-exec-6] org.hibernate.SQL                        : select m1_0.member_id,m1_0.active,m1_0.email,m1_0.message_token,m1_0.name,m1_0.point,m1_0.uid,m1_0.wakeup from member m1_0 where m1_0.uid=?
2023-11-13T10:56:15.913+09:00 DEBUG 24808 --- [http-nio-8000-exec-5] org.hibernate.SQL                        : select i1_0.item_id,i1_0.category,i1_0.is_new,i1_0.media,i1_0.name,i1_0.price,i1_0.thumbnail from item i1_0 where i1_0.item_id=?
2023-11-13T10:56:15.941+09:00 DEBUG 24808 --- [http-nio-8000-exec-6] org.hibernate.SQL                        : select c1_0.cookie_id,c1_0.background,c1_0.body_id,c1_0.bottom,c1_0.created_at,c1_0.exp,c1_0.eye_id,c1_0.hat,c1_0.level,c1_0.member_id,c1_0.mouth_id,c1_0.name,c1_0.shoe,c1_0.top from cookie c1_0 where c1_0.member_id=?
2023-11-13T10:56:15.973+09:00 DEBUG 24808 --- [http-nio-8000-exec-6] org.hibernate.SQL                        : select b1_0.body_id,b1_0.image,b1_0.stage from body b1_0 where b1_0.body_id=?
2023-11-13T10:56:15.983+09:00 DEBUG 24808 --- [http-nio-8000-exec-6] org.hibernate.SQL                        : select e1_0.eye_id,e1_0.image from eye e1_0 where e1_0.eye_id=?
2023-11-13T10:56:15.993+09:00 DEBUG 24808 --- [http-nio-8000-exec-6] org.hibernate.SQL                        : select m1_0.mouth_id,m1_0.image from mouth m1_0 where m1_0.mouth_id=?
2023-11-13T10:56:16.002+09:00 DEBUG 24808 --- [http-nio-8000-exec-6] org.hibernate.SQL                        : select i1_0.item_id,i1_0.category,i1_0.is_new,i1_0.media,i1_0.name,i1_0.price,i1_0.thumbnail from item i1_0 where i1_0.item_id=?
2023-11-13T10:56:16.014+09:00 DEBUG 24808 --- [http-nio-8000-exec-6] org.hibernate.SQL                        : select i1_0.item_id,i1_0.category,i1_0.is_new,i1_0.media,i1_0.name,i1_0.price,i1_0.thumbnail from item i1_0 where i1_0.item_id=?
2023-11-13T10:56:27.969+09:00 DEBUG 24808 --- [http-nio-8000-exec-9] org.hibernate.SQL                        : select m1_0.member_id,m1_0.active,m1_0.email,m1_0.message_token,m1_0.name,m1_0.point,m1_0.uid,m1_0.wakeup from member m1_0 where m1_0.uid=?
2023-11-13T10:56:27.980+09:00 DEBUG 24808 --- [http-nio-8000-exec-10] org.hibernate.SQL                        : select m1_0.member_id,m1_0.active,m1_0.email,m1_0.message_token,m1_0.name,m1_0.point,m1_0.uid,m1_0.wakeup from member m1_0 where m1_0.uid=?
2023-11-13T10:56:27.999+09:00 DEBUG 24808 --- [http-nio-8000-exec-9] org.hibernate.SQL                        : select c1_0.cookie_id,c1_0.background,c1_0.body_id,c1_0.bottom,c1_0.created_at,c1_0.exp,c1_0.eye_id,c1_0.hat,c1_0.level,c1_0.member_id,c1_0.mouth_id,c1_0.name,c1_0.shoe,c1_0.top from cookie c1_0 where c1_0.member_id=?
2023-11-13T10:56:28.009+09:00 DEBUG 24808 --- [http-nio-8000-exec-10] org.hibernate.SQL                        : select c1_0.cookie_id,c1_0.background,c1_0.body_id,c1_0.bottom,c1_0.created_at,c1_0.exp,c1_0.eye_id,c1_0.hat,c1_0.level,c1_0.member_id,c1_0.mouth_id,c1_0.name,c1_0.shoe,c1_0.top from cookie c1_0 where c1_0.member_id=?
2023-11-13T10:56:28.014+09:00 DEBUG 24808 --- [http-nio-8000-exec-9] org.hibernate.SQL                        : select b1_0.body_id,b1_0.image,b1_0.stage from body b1_0 where b1_0.body_id=?
2023-11-13T10:56:28.023+09:00 DEBUG 24808 --- [http-nio-8000-exec-10] org.hibernate.SQL                        : select b1_0.body_id,b1_0.image,b1_0.stage from body b1_0 where b1_0.body_id=?
2023-11-13T10:56:28.029+09:00 DEBUG 24808 --- [http-nio-8000-exec-9] org.hibernate.SQL                        : select e1_0.eye_id,e1_0.image from eye e1_0 where e1_0.eye_id=?
2023-11-13T10:56:28.034+09:00 DEBUG 24808 --- [http-nio-8000-exec-10] org.hibernate.SQL                        : select e1_0.eye_id,e1_0.image from eye e1_0 where e1_0.eye_id=?
2023-11-13T10:56:28.038+09:00 DEBUG 24808 --- [http-nio-8000-exec-9] org.hibernate.SQL                        : select m1_0.mouth_id,m1_0.image from mouth m1_0 where m1_0.mouth_id=?
2023-11-13T10:56:28.043+09:00 DEBUG 24808 --- [http-nio-8000-exec-10] org.hibernate.SQL                        : select m1_0.mouth_id,m1_0.image from mouth m1_0 where m1_0.mouth_id=?
2023-11-13T10:56:28.047+09:00 DEBUG 24808 --- [http-nio-8000-exec-9] org.hibernate.SQL                        : select i1_0.item_id,i1_0.category,i1_0.is_new,i1_0.media,i1_0.name,i1_0.price,i1_0.thumbnail from item i1_0 where i1_0.item_id=?
2023-11-13T10:56:28.051+09:00 DEBUG 24808 --- [http-nio-8000-exec-10] org.hibernate.SQL                        : select i1_0.item_id,i1_0.category,i1_0.is_new,i1_0.media,i1_0.name,i1_0.price,i1_0.thumbnail from item i1_0 where i1_0.item_id=?
2023-11-13T10:56:28.056+09:00 DEBUG 24808 --- [http-nio-8000-exec-9] org.hibernate.SQL                        : select i1_0.item_id,i1_0.category,i1_0.is_new,i1_0.media,i1_0.name,i1_0.price,i1_0.thumbnail from item i1_0 where i1_0.item_id=?
2023-11-13T10:56:28.064+09:00 DEBUG 24808 --- [http-nio-8000-exec-10] org.hibernate.SQL                        : select i1_0.item_id,i1_0.category,i1_0.is_new,i1_0.media,i1_0.name,i1_0.price,i1_0.thumbnail from item i1_0 where i1_0.item_id=?
2023-11-13T10:57:43.204+09:00 DEBUG 24808 --- [http-nio-8000-exec-5] org.hibernate.SQL                        : select m1_0.member_id,m1_0.active,m1_0.email,m1_0.message_token,m1_0.name,m1_0.point,m1_0.uid,m1_0.wakeup from member m1_0 where m1_0.uid=?
2023-11-13T10:57:43.214+09:00 DEBUG 24808 --- [http-nio-8000-exec-6] org.hibernate.SQL                        : select m1_0.member_id,m1_0.active,m1_0.email,m1_0.message_token,m1_0.name,m1_0.point,m1_0.uid,m1_0.wakeup from member m1_0 where m1_0.uid=?
2023-11-13T10:57:43.255+09:00 DEBUG 24808 --- [http-nio-8000-exec-5] org.hibernate.SQL                        : select c1_0.cookie_id,c1_0.background,c1_0.body_id,c1_0.bottom,c1_0.created_at,c1_0.exp,c1_0.eye_id,c1_0.hat,c1_0.level,c1_0.member_id,c1_0.mouth_id,c1_0.name,c1_0.shoe,c1_0.top from cookie c1_0 where c1_0.member_id=?
2023-11-13T10:57:43.284+09:00 DEBUG 24808 --- [http-nio-8000-exec-6] org.hibernate.SQL                        : select c1_0.cookie_id,c1_0.background,c1_0.body_id,c1_0.bottom,c1_0.created_at,c1_0.exp,c1_0.eye_id,c1_0.hat,c1_0.level,c1_0.member_id,c1_0.mouth_id,c1_0.name,c1_0.shoe,c1_0.top from cookie c1_0 where c1_0.member_id=?
2023-11-13T10:57:43.369+09:00 DEBUG 24808 --- [http-nio-8000-exec-5] org.hibernate.SQL                        : select b1_0.body_id,b1_0.image,b1_0.stage from body b1_0 where b1_0.body_id=?
2023-11-13T10:57:43.511+09:00 DEBUG 24808 --- [http-nio-8000-exec-6] org.hibernate.SQL                        : select b1_0.body_id,b1_0.image,b1_0.stage from body b1_0 where b1_0.body_id=?
2023-11-13T10:57:43.530+09:00 DEBUG 24808 --- [http-nio-8000-exec-5] org.hibernate.SQL                        : select e1_0.eye_id,e1_0.image from eye e1_0 where e1_0.eye_id=?
2023-11-13T10:57:43.583+09:00 DEBUG 24808 --- [http-nio-8000-exec-6] org.hibernate.SQL                        : select e1_0.eye_id,e1_0.image from eye e1_0 where e1_0.eye_id=?
2023-11-13T10:57:43.605+09:00 DEBUG 24808 --- [http-nio-8000-exec-5] org.hibernate.SQL                        : select m1_0.mouth_id,m1_0.image from mouth m1_0 where m1_0.mouth_id=?
2023-11-13T10:57:43.625+09:00 DEBUG 24808 --- [http-nio-8000-exec-6] org.hibernate.SQL                        : select m1_0.mouth_id,m1_0.image from mouth m1_0 where m1_0.mouth_id=?
2023-11-13T10:57:43.631+09:00 DEBUG 24808 --- [http-nio-8000-exec-5] org.hibernate.SQL                        : select i1_0.item_id,i1_0.category,i1_0.is_new,i1_0.media,i1_0.name,i1_0.price,i1_0.thumbnail from item i1_0 where i1_0.item_id=?
2023-11-13T10:57:43.714+09:00 DEBUG 24808 --- [http-nio-8000-exec-6] org.hibernate.SQL                        : select i1_0.item_id,i1_0.category,i1_0.is_new,i1_0.media,i1_0.name,i1_0.price,i1_0.thumbnail from item i1_0 where i1_0.item_id=?
2023-11-13T10:57:43.715+09:00 DEBUG 24808 --- [http-nio-8000-exec-5] org.hibernate.SQL                        : select i1_0.item_id,i1_0.category,i1_0.is_new,i1_0.media,i1_0.name,i1_0.price,i1_0.thumbnail from item i1_0 where i1_0.item_id=?
2023-11-13T10:57:43.745+09:00 DEBUG 24808 --- [http-nio-8000-exec-6] org.hibernate.SQL                        : select i1_0.item_id,i1_0.category,i1_0.is_new,i1_0.media,i1_0.name,i1_0.price,i1_0.thumbnail from item i1_0 where i1_0.item_id=?
2023-11-13T10:58:08.418+09:00 DEBUG 24808 --- [http-nio-8000-exec-9] org.hibernate.SQL                        : select m1_0.member_id,m1_0.active,m1_0.email,m1_0.message_token,m1_0.name,m1_0.point,m1_0.uid,m1_0.wakeup from member m1_0 where m1_0.uid=?
2023-11-13T10:58:08.448+09:00 DEBUG 24808 --- [http-nio-8000-exec-9] org.hibernate.SQL                        : select c1_0.cookie_id,c1_0.background,c1_0.body_id,c1_0.bottom,c1_0.created_at,c1_0.exp,c1_0.eye_id,c1_0.hat,c1_0.level,c1_0.member_id,c1_0.mouth_id,c1_0.name,c1_0.shoe,c1_0.top from cookie c1_0 where c1_0.member_id=?
2023-11-13T10:58:08.468+09:00 DEBUG 24808 --- [http-nio-8000-exec-9] org.hibernate.SQL                        : select b1_0.body_id,b1_0.image,b1_0.stage from body b1_0 where b1_0.body_id=?
2023-11-13T10:58:08.482+09:00 DEBUG 24808 --- [http-nio-8000-exec-9] org.hibernate.SQL                        : select e1_0.eye_id,e1_0.image from eye e1_0 where e1_0.eye_id=?
2023-11-13T10:58:08.492+09:00 DEBUG 24808 --- [http-nio-8000-exec-9] org.hibernate.SQL                        : select m1_0.mouth_id,m1_0.image from mouth m1_0 where m1_0.mouth_id=?
2023-11-13T10:58:08.503+09:00 DEBUG 24808 --- [http-nio-8000-exec-9] org.hibernate.SQL                        : select i1_0.item_id,i1_0.category,i1_0.is_new,i1_0.media,i1_0.name,i1_0.price,i1_0.thumbnail from item i1_0 where i1_0.item_id=?
2023-11-13T10:58:08.515+09:00 DEBUG 24808 --- [http-nio-8000-exec-9] org.hibernate.SQL                        : select i1_0.item_id,i1_0.category,i1_0.is_new,i1_0.media,i1_0.name,i1_0.price,i1_0.thumbnail from item i1_0 where i1_0.item_id=?
2023-11-13T10:58:08.543+09:00 DEBUG 24808 --- [http-nio-8000-exec-10] org.hibernate.SQL                        : select m1_0.member_id,m1_0.active,m1_0.email,m1_0.message_token,m1_0.name,m1_0.point,m1_0.uid,m1_0.wakeup from member m1_0 where m1_0.uid=?
2023-11-13T10:58:08.581+09:00 DEBUG 24808 --- [http-nio-8000-exec-10] org.hibernate.SQL                        : select c1_0.cookie_id,c1_0.background,c1_0.body_id,c1_0.bottom,c1_0.created_at,c1_0.exp,c1_0.eye_id,c1_0.hat,c1_0.level,c1_0.member_id,c1_0.mouth_id,c1_0.name,c1_0.shoe,c1_0.top from cookie c1_0 where c1_0.member_id=?
2023-11-13T10:58:08.599+09:00 DEBUG 24808 --- [http-nio-8000-exec-10] org.hibernate.SQL                        : select b1_0.body_id,b1_0.image,b1_0.stage from body b1_0 where b1_0.body_id=?
2023-11-13T10:58:08.614+09:00 DEBUG 24808 --- [http-nio-8000-exec-10] org.hibernate.SQL                        : select e1_0.eye_id,e1_0.image from eye e1_0 where e1_0.eye_id=?
2023-11-13T10:58:08.631+09:00 DEBUG 24808 --- [http-nio-8000-exec-10] org.hibernate.SQL                        : select m1_0.mouth_id,m1_0.image from mouth m1_0 where m1_0.mouth_id=?
2023-11-13T10:58:08.649+09:00 DEBUG 24808 --- [http-nio-8000-exec-10] org.hibernate.SQL                        : select i1_0.item_id,i1_0.category,i1_0.is_new,i1_0.media,i1_0.name,i1_0.price,i1_0.thumbnail from item i1_0 where i1_0.item_id=?
2023-11-13T10:58:08.665+09:00 DEBUG 24808 --- [http-nio-8000-exec-10] org.hibernate.SQL                        : select i1_0.item_id,i1_0.category,i1_0.is_new,i1_0.media,i1_0.name,i1_0.price,i1_0.thumbnail from item i1_0 where i1_0.item_id=?
2023-11-13T10:58:54.931+09:00 DEBUG 24808 --- [http-nio-8000-exec-3] org.hibernate.SQL                        : select m1_0.member_id,m1_0.active,m1_0.email,m1_0.message_token,m1_0.name,m1_0.point,m1_0.uid,m1_0.wakeup from member m1_0 where m1_0.uid=?
2023-11-13T10:58:54.939+09:00 DEBUG 24808 --- [http-nio-8000-exec-4] org.hibernate.SQL                        : select m1_0.member_id,m1_0.active,m1_0.email,m1_0.message_token,m1_0.name,m1_0.point,m1_0.uid,m1_0.wakeup from member m1_0 where m1_0.uid=?
2023-11-13T10:58:54.988+09:00 DEBUG 24808 --- [http-nio-8000-exec-3] org.hibernate.SQL                        : select c1_0.cookie_id,c1_0.background,c1_0.body_id,c1_0.bottom,c1_0.created_at,c1_0.exp,c1_0.eye_id,c1_0.hat,c1_0.level,c1_0.member_id,c1_0.mouth_id,c1_0.name,c1_0.shoe,c1_0.top from cookie c1_0 where c1_0.member_id=?
2023-11-13T10:58:54.988+09:00 DEBUG 24808 --- [http-nio-8000-exec-4] org.hibernate.SQL                        : select c1_0.cookie_id,c1_0.background,c1_0.body_id,c1_0.bottom,c1_0.created_at,c1_0.exp,c1_0.eye_id,c1_0.hat,c1_0.level,c1_0.member_id,c1_0.mouth_id,c1_0.name,c1_0.shoe,c1_0.top from cookie c1_0 where c1_0.member_id=?
2023-11-13T10:58:55.008+09:00 DEBUG 24808 --- [http-nio-8000-exec-4] org.hibernate.SQL                        : select b1_0.body_id,b1_0.image,b1_0.stage from body b1_0 where b1_0.body_id=?
2023-11-13T10:58:55.008+09:00 DEBUG 24808 --- [http-nio-8000-exec-3] org.hibernate.SQL                        : select b1_0.body_id,b1_0.image,b1_0.stage from body b1_0 where b1_0.body_id=?
2023-11-13T10:58:55.019+09:00 DEBUG 24808 --- [http-nio-8000-exec-3] org.hibernate.SQL                        : select e1_0.eye_id,e1_0.image from eye e1_0 where e1_0.eye_id=?
2023-11-13T10:58:55.019+09:00 DEBUG 24808 --- [http-nio-8000-exec-4] org.hibernate.SQL                        : select e1_0.eye_id,e1_0.image from eye e1_0 where e1_0.eye_id=?
2023-11-13T10:58:55.032+09:00 DEBUG 24808 --- [http-nio-8000-exec-4] org.hibernate.SQL                        : select m1_0.mouth_id,m1_0.image from mouth m1_0 where m1_0.mouth_id=?
2023-11-13T10:58:55.032+09:00 DEBUG 24808 --- [http-nio-8000-exec-3] org.hibernate.SQL                        : select m1_0.mouth_id,m1_0.image from mouth m1_0 where m1_0.mouth_id=?
2023-11-13T10:58:55.046+09:00 DEBUG 24808 --- [http-nio-8000-exec-4] org.hibernate.SQL                        : select i1_0.item_id,i1_0.category,i1_0.is_new,i1_0.media,i1_0.name,i1_0.price,i1_0.thumbnail from item i1_0 where i1_0.item_id=?
2023-11-13T10:58:55.046+09:00 DEBUG 24808 --- [http-nio-8000-exec-3] org.hibernate.SQL                        : select i1_0.item_id,i1_0.category,i1_0.is_new,i1_0.media,i1_0.name,i1_0.price,i1_0.thumbnail from item i1_0 where i1_0.item_id=?
2023-11-13T10:58:55.056+09:00 DEBUG 24808 --- [http-nio-8000-exec-3] org.hibernate.SQL                        : select i1_0.item_id,i1_0.category,i1_0.is_new,i1_0.media,i1_0.name,i1_0.price,i1_0.thumbnail from item i1_0 where i1_0.item_id=?
2023-11-13T10:58:55.058+09:00 DEBUG 24808 --- [http-nio-8000-exec-4] org.hibernate.SQL                        : select i1_0.item_id,i1_0.category,i1_0.is_new,i1_0.media,i1_0.name,i1_0.price,i1_0.thumbnail from item i1_0 where i1_0.item_id=?
2023-11-13T11:00:23.822+09:00 DEBUG 24808 --- [http-nio-8000-exec-10] org.hibernate.SQL                        : select m1_0.member_id,m1_0.active,m1_0.email,m1_0.message_token,m1_0.name,m1_0.point,m1_0.uid,m1_0.wakeup from member m1_0 where m1_0.uid=?
