2023-11-14T14:03:36.265+09:00  INFO 22408 --- [restartedMain] com.a504.qookie.QookieApplication        : Starting QookieApplication using Java 17.0.7 with PID 22408 (C:\Users\SSAFY\Desktop\jayul\S09P31A504\backend\build\classes\java\main started by SSAFY in C:\Users\SSAFY\Desktop\jayul\S09P31A504\backend)
2023-11-14T14:03:36.268+09:00  INFO 22408 --- [restartedMain] com.a504.qookie.QookieApplication        : The following 1 profile is active: "secret"
2023-11-14T14:03:36.337+09:00  INFO 22408 --- [restartedMain] .e.DevToolsPropertyDefaultsPostProcessor : Devtools property defaults active! Set 'spring.devtools.add-properties' to 'false' to disable
2023-11-14T14:03:36.337+09:00  INFO 22408 --- [restartedMain] .e.DevToolsPropertyDefaultsPostProcessor : For additional web related logging consider setting the 'logging.level.web' property to 'DEBUG'
2023-11-14T14:03:37.382+09:00  INFO 22408 --- [restartedMain] .s.d.r.c.RepositoryConfigurationDelegate : Multiple Spring Data modules found, entering strict repository configuration mode
2023-11-14T14:03:37.384+09:00  INFO 22408 --- [restartedMain] .s.d.r.c.RepositoryConfigurationDelegate : Bootstrapping Spring Data JPA repositories in DEFAULT mode.
2023-11-14T14:03:37.686+09:00  INFO 22408 --- [restartedMain] .RepositoryConfigurationExtensionSupport : Spring Data JPA - Could not safely identify store assignment for repository candidate interface com.a504.qookie.global.redis.JwtPublicKeyRedisRepository; If you want this repository to be a JPA repository, consider annotating your entities with one of these annotations: jakarta.persistence.Entity, jakarta.persistence.MappedSuperclass (preferred), or consider extending one of the following types with your repository: org.springframework.data.jpa.repository.JpaRepository
2023-11-14T14:03:37.754+09:00  INFO 22408 --- [restartedMain] .s.d.r.c.RepositoryConfigurationDelegate : Finished Spring Data repository scanning in 362 ms. Found 15 JPA repository interfaces.
2023-11-14T14:03:37.789+09:00  INFO 22408 --- [restartedMain] .s.d.r.c.RepositoryConfigurationDelegate : Multiple Spring Data modules found, entering strict repository configuration mode
2023-11-14T14:03:37.791+09:00  INFO 22408 --- [restartedMain] .s.d.r.c.RepositoryConfigurationDelegate : Bootstrapping Spring Data Redis repositories in DEFAULT mode.
2023-11-14T14:03:37.824+09:00  INFO 22408 --- [restartedMain] .RepositoryConfigurationExtensionSupport : Spring Data Redis - Could not safely identify store assignment for repository candidate interface com.a504.qookie.domain.badge.repository.BadgeRepository; If you want this repository to be a Redis repository, consider annotating your entities with one of these annotations: org.springframework.data.redis.core.RedisHash (preferred), or consider extending one of the following types with your repository: org.springframework.data.keyvalue.repository.KeyValueRepository
2023-11-14T14:03:37.825+09:00  INFO 22408 --- [restartedMain] .RepositoryConfigurationExtensionSupport : Spring Data Redis - Could not safely identify store assignment for repository candidate interface com.a504.qookie.domain.cookie.repository.BodyRepository; If you want this repository to be a Redis repository, consider annotating your entities with one of these annotations: org.springframework.data.redis.core.RedisHash (preferred), or consider extending one of the following types with your repository: org.springframework.data.keyvalue.repository.KeyValueRepository
2023-11-14T14:03:37.825+09:00  INFO 22408 --- [restartedMain] .RepositoryConfigurationExtensionSupport : Spring Data Redis - Could not safely identify store assignment for repository candidate interface com.a504.qookie.domain.cookie.repository.CookieCollectionRepository; If you want this repository to be a Redis repository, consider annotating your entities with one of these annotations: org.springframework.data.redis.core.RedisHash (preferred), or consider extending one of the following types with your repository: org.springframework.data.keyvalue.repository.KeyValueRepository
2023-11-14T14:03:37.826+09:00  INFO 22408 --- [restartedMain] .RepositoryConfigurationExtensionSupport : Spring Data Redis - Could not safely identify store assignment for repository candidate interface com.a504.qookie.domain.cookie.repository.CookieRepository; If you want this repository to be a Redis repository, consider annotating your entities with one of these annotations: org.springframework.data.redis.core.RedisHash (preferred), or consider extending one of the following types with your repository: org.springframework.data.keyvalue.repository.KeyValueRepository
2023-11-14T14:03:37.827+09:00  INFO 22408 --- [restartedMain] .RepositoryConfigurationExtensionSupport : Spring Data Redis - Could not safely identify store assignment for repository candidate interface com.a504.qookie.domain.cookie.repository.EyeRepository; If you want this repository to be a Redis repository, consider annotating your entities with one of these annotations: org.springframework.data.redis.core.RedisHash (preferred), or consider extending one of the following types with your repository: org.springframework.data.keyvalue.repository.KeyValueRepository
2023-11-14T14:03:37.827+09:00  INFO 22408 --- [restartedMain] .RepositoryConfigurationExtensionSupport : Spring Data Redis - Could not safely identify store assignment for repository candidate interface com.a504.qookie.domain.cookie.repository.MouthRepository; If you want this repository to be a Redis repository, consider annotating your entities with one of these annotations: org.springframework.data.redis.core.RedisHash (preferred), or consider extending one of the following types with your repository: org.springframework.data.keyvalue.repository.KeyValueRepository
2023-11-14T14:03:37.828+09:00  INFO 22408 --- [restartedMain] .RepositoryConfigurationExtensionSupport : Spring Data Redis - Could not safely identify store assignment for repository candidate interface com.a504.qookie.domain.heart.repository.HeartRepository; If you want this repository to be a Redis repository, consider annotating your entities with one of these annotations: org.springframework.data.redis.core.RedisHash (preferred), or consider extending one of the following types with your repository: org.springframework.data.keyvalue.repository.KeyValueRepository
2023-11-14T14:03:37.828+09:00  INFO 22408 --- [restartedMain] .RepositoryConfigurationExtensionSupport : Spring Data Redis - Could not safely identify store assignment for repository candidate interface com.a504.qookie.domain.item.repository.ItemRepository; If you want this repository to be a Redis repository, consider annotating your entities with one of these annotations: org.springframework.data.redis.core.RedisHash (preferred), or consider extending one of the following types with your repository: org.springframework.data.keyvalue.repository.KeyValueRepository
2023-11-14T14:03:37.829+09:00  INFO 22408 --- [restartedMain] .RepositoryConfigurationExtensionSupport : Spring Data Redis - Could not safely identify store assignment for repository candidate interface com.a504.qookie.domain.member.repository.HistoryRepository; If you want this repository to be a Redis repository, consider annotating your entities with one of these annotations: org.springframework.data.redis.core.RedisHash (preferred), or consider extending one of the following types with your repository: org.springframework.data.keyvalue.repository.KeyValueRepository
2023-11-14T14:03:37.830+09:00  INFO 22408 --- [restartedMain] .RepositoryConfigurationExtensionSupport : Spring Data Redis - Could not safely identify store assignment for repository candidate interface com.a504.qookie.domain.member.repository.MemberBadgeRepository; If you want this repository to be a Redis repository, consider annotating your entities with one of these annotations: org.springframework.data.redis.core.RedisHash (preferred), or consider extending one of the following types with your repository: org.springframework.data.keyvalue.repository.KeyValueRepository
2023-11-14T14:03:37.831+09:00  INFO 22408 --- [restartedMain] .RepositoryConfigurationExtensionSupport : Spring Data Redis - Could not safely identify store assignment for repository candidate interface com.a504.qookie.domain.member.repository.MemberItemRepository; If you want this repository to be a Redis repository, consider annotating your entities with one of these annotations: org.springframework.data.redis.core.RedisHash (preferred), or consider extending one of the following types with your repository: org.springframework.data.keyvalue.repository.KeyValueRepository
2023-11-14T14:03:37.831+09:00  INFO 22408 --- [restartedMain] .RepositoryConfigurationExtensionSupport : Spring Data Redis - Could not safely identify store assignment for repository candidate interface com.a504.qookie.domain.member.repository.MemberQuestRepository; If you want this repository to be a Redis repository, consider annotating your entities with one of these annotations: org.springframework.data.redis.core.RedisHash (preferred), or consider extending one of the following types with your repository: org.springframework.data.keyvalue.repository.KeyValueRepository
2023-11-14T14:03:37.833+09:00  INFO 22408 --- [restartedMain] .RepositoryConfigurationExtensionSupport : Spring Data Redis - Could not safely identify store assignment for repository candidate interface com.a504.qookie.domain.member.repository.MemberRepository; If you want this repository to be a Redis repository, consider annotating your entities with one of these annotations: org.springframework.data.redis.core.RedisHash (preferred), or consider extending one of the following types with your repository: org.springframework.data.keyvalue.repository.KeyValueRepository
2023-11-14T14:03:37.834+09:00  INFO 22408 --- [restartedMain] .RepositoryConfigurationExtensionSupport : Spring Data Redis - Could not safely identify store assignment for repository candidate interface com.a504.qookie.domain.notification.NotificationRepository; If you want this repository to be a Redis repository, consider annotating your entities with one of these annotations: org.springframework.data.redis.core.RedisHash (preferred), or consider extending one of the following types with your repository: org.springframework.data.keyvalue.repository.KeyValueRepository
2023-11-14T14:03:37.834+09:00  INFO 22408 --- [restartedMain] .RepositoryConfigurationExtensionSupport : Spring Data Redis - Could not safely identify store assignment for repository candidate interface com.a504.qookie.domain.quest.repository.QuestRepository; If you want this repository to be a Redis repository, consider annotating your entities with one of these annotations: org.springframework.data.redis.core.RedisHash (preferred), or consider extending one of the following types with your repository: org.springframework.data.keyvalue.repository.KeyValueRepository
2023-11-14T14:03:37.850+09:00  INFO 22408 --- [restartedMain] .s.d.r.c.RepositoryConfigurationDelegate : Finished Spring Data repository scanning in 44 ms. Found 1 Redis repository interfaces.
2023-11-14T14:03:38.692+09:00  INFO 22408 --- [restartedMain] o.s.b.w.embedded.tomcat.TomcatWebServer  : Tomcat initialized with port(s): 8000 (http)
2023-11-14T14:03:38.702+09:00  INFO 22408 --- [restartedMain] o.apache.catalina.core.StandardService   : Starting service [Tomcat]
2023-11-14T14:03:38.703+09:00  INFO 22408 --- [restartedMain] o.apache.catalina.core.StandardEngine    : Starting Servlet engine: [Apache Tomcat/10.1.13]
2023-11-14T14:03:38.793+09:00  INFO 22408 --- [restartedMain] o.a.c.c.C.[Tomcat].[localhost].[/]       : Initializing Spring embedded WebApplicationContext
2023-11-14T14:03:38.794+09:00  INFO 22408 --- [restartedMain] w.s.c.ServletWebServerApplicationContext : Root WebApplicationContext: initialization completed in 2456 ms
2023-11-14T14:03:38.970+09:00  INFO 22408 --- [restartedMain] o.hibernate.jpa.internal.util.LogHelper  : HHH000204: Processing PersistenceUnitInfo [name: default]
2023-11-14T14:03:39.034+09:00  INFO 22408 --- [restartedMain] org.hibernate.Version                    : HHH000412: Hibernate ORM core version 6.2.9.Final
2023-11-14T14:03:39.036+09:00  INFO 22408 --- [restartedMain] org.hibernate.cfg.Environment            : HHH000406: Using bytecode reflection optimizer
2023-11-14T14:03:39.198+09:00  INFO 22408 --- [restartedMain] o.h.b.i.BytecodeProviderInitiator        : HHH000021: Bytecode provider name : bytebuddy
2023-11-14T14:03:39.371+09:00  INFO 22408 --- [restartedMain] o.s.o.j.p.SpringPersistenceUnitInfo      : No LoadTimeWeaver setup: ignoring JPA class transformer
2023-11-14T14:03:39.389+09:00  INFO 22408 --- [restartedMain] com.zaxxer.hikari.HikariDataSource       : HikariPool-1 - Starting...
2023-11-14T14:03:40.455+09:00  INFO 22408 --- [restartedMain] com.zaxxer.hikari.pool.HikariPool        : HikariPool-1 - Added connection com.mysql.cj.jdbc.ConnectionImpl@79d835bd
2023-11-14T14:03:40.457+09:00  INFO 22408 --- [restartedMain] com.zaxxer.hikari.HikariDataSource       : HikariPool-1 - Start completed.
2023-11-14T14:03:40.869+09:00  INFO 22408 --- [restartedMain] o.h.b.i.BytecodeProviderInitiator        : HHH000021: Bytecode provider name : bytebuddy
2023-11-14T14:03:41.685+09:00  INFO 22408 --- [restartedMain] o.h.e.t.j.p.i.JtaPlatformInitiator       : HHH000490: Using JtaPlatform implementation: [org.hibernate.engine.transaction.jta.platform.internal.NoJtaPlatform]
2023-11-14T14:03:42.777+09:00  INFO 22408 --- [restartedMain] j.LocalContainerEntityManagerFactoryBean : Initialized JPA EntityManagerFactory for persistence unit 'default'
2023-11-14T14:03:44.429+09:00  INFO 22408 --- [restartedMain] o.s.b.d.a.OptionalLiveReloadServer       : LiveReload server is running on port 35729
2023-11-14T14:03:44.502+09:00  WARN 22408 --- [restartedMain] .s.s.UserDetailsServiceAutoConfiguration : 

Using generated security password: 584dcdfa-bcfd-4e88-8d6a-0200584ea988

This generated password is for development use only. Your security configuration must be updated before running your application in production.

2023-11-14T14:03:44.761+09:00  INFO 22408 --- [restartedMain] o.s.s.web.DefaultSecurityFilterChain     : Will secure Or [Mvc [pattern='/api/**']] with [org.springframework.security.web.session.DisableEncodeUrlFilter@28e292d3, org.springframework.security.web.context.request.async.WebAsyncManagerIntegrationFilter@246e958a, org.springframework.security.web.context.SecurityContextHolderFilter@39fa6b5c, org.springframework.security.web.header.HeaderWriterFilter@43b30693, org.springframework.web.filter.CorsFilter@3dd2a7d8, org.springframework.security.web.authentication.logout.LogoutFilter@7589a0d6, com.a504.qookie.global.jwt.JwtFilter@24157bf0, org.springframework.security.web.savedrequest.RequestCacheAwareFilter@7a0894dc, org.springframework.security.web.servletapi.SecurityContextHolderAwareRequestFilter@39f39cfc, org.springframework.security.web.authentication.AnonymousAuthenticationFilter@18dd01ab, org.springframework.security.web.access.ExceptionTranslationFilter@d6adc3c]
2023-11-14T14:03:45.096+09:00  WARN 22408 --- [restartedMain] ocalVariableTableParameterNameDiscoverer : Using deprecated '-debug' fallback for parameter name resolution. Compile the affected code with '-parameters' instead or avoid its introspection: org.springframework.amqp.rabbit.core.RabbitAdmin
2023-11-14T14:03:45.154+09:00  INFO 22408 --- [restartedMain] o.s.b.w.embedded.tomcat.TomcatWebServer  : Tomcat started on port(s): 8000 (http) with context path ''
2023-11-14T14:03:45.156+09:00  INFO 22408 --- [restartedMain] o.s.a.r.c.CachingConnectionFactory       : Attempting to connect to: localhost:5672
2023-11-14T14:03:45.162+09:00  INFO 22408 --- [restartedMain] o.s.a.r.l.SimpleMessageListenerContainer : Broker not available; cannot force queue declarations during start: java.net.ConnectException: Connection refused: no further information
2023-11-14T14:03:45.169+09:00  INFO 22408 --- [org.springframework.amqp.rabbit.RabbitListenerEndpointContainer#0-1] o.s.a.r.c.CachingConnectionFactory       : Attempting to connect to: localhost:5672
2023-11-14T14:03:45.171+09:00 ERROR 22408 --- [org.springframework.amqp.rabbit.RabbitListenerEndpointContainer#0-1] o.s.a.r.l.SimpleMessageListenerContainer : Failed to check/redeclare auto-delete queue(s).

org.springframework.amqp.AmqpConnectException: java.net.ConnectException: Connection refused: no further information
	at org.springframework.amqp.rabbit.support.RabbitExceptionTranslator.convertRabbitAccessException(RabbitExceptionTranslator.java:61) ~[spring-rabbit-3.0.9.jar:3.0.9]
	at org.springframework.amqp.rabbit.connection.AbstractConnectionFactory.createBareConnection(AbstractConnectionFactory.java:594) ~[spring-rabbit-3.0.9.jar:3.0.9]
	at org.springframework.amqp.rabbit.connection.CachingConnectionFactory.createConnection(CachingConnectionFactory.java:711) ~[spring-rabbit-3.0.9.jar:3.0.9]
	at org.springframework.amqp.rabbit.connection.ConnectionFactoryUtils.createConnection(ConnectionFactoryUtils.java:257) ~[spring-rabbit-3.0.9.jar:3.0.9]
	at org.springframework.amqp.rabbit.core.RabbitTemplate.doExecute(RabbitTemplate.java:2225) ~[spring-rabbit-3.0.9.jar:3.0.9]
	at org.springframework.amqp.rabbit.core.RabbitTemplate.execute(RabbitTemplate.java:2198) ~[spring-rabbit-3.0.9.jar:3.0.9]
	at org.springframework.amqp.rabbit.core.RabbitTemplate.execute(RabbitTemplate.java:2178) ~[spring-rabbit-3.0.9.jar:3.0.9]
	at org.springframework.amqp.rabbit.core.RabbitAdmin.getQueueInfo(RabbitAdmin.java:465) ~[spring-rabbit-3.0.9.jar:3.0.9]
	at org.springframework.amqp.rabbit.core.RabbitAdmin.getQueueProperties(RabbitAdmin.java:449) ~[spring-rabbit-3.0.9.jar:3.0.9]
	at org.springframework.amqp.rabbit.listener.AbstractMessageListenerContainer.attemptDeclarations(AbstractMessageListenerContainer.java:1937) ~[spring-rabbit-3.0.9.jar:3.0.9]
	at org.springframework.amqp.rabbit.listener.AbstractMessageListenerContainer.redeclareElementsIfNecessary(AbstractMessageListenerContainer.java:1905) ~[spring-rabbit-3.0.9.jar:3.0.9]
	at org.springframework.amqp.rabbit.listener.SimpleMessageListenerContainer$AsyncMessageProcessingConsumer.initialize(SimpleMessageListenerContainer.java:1381) ~[spring-rabbit-3.0.9.jar:3.0.9]
	at org.springframework.amqp.rabbit.listener.SimpleMessageListenerContainer$AsyncMessageProcessingConsumer.run(SimpleMessageListenerContainer.java:1223) ~[spring-rabbit-3.0.9.jar:3.0.9]
	at java.base/java.lang.Thread.run(Thread.java:833) ~[na:na]
Caused by: java.net.ConnectException: Connection refused: no further information
	at java.base/sun.nio.ch.Net.pollConnect(Native Method) ~[na:na]
	at java.base/sun.nio.ch.Net.pollConnectNow(Net.java:672) ~[na:na]
	at java.base/sun.nio.ch.NioSocketImpl.timedFinishConnect(NioSocketImpl.java:542) ~[na:na]
	at java.base/sun.nio.ch.NioSocketImpl.connect(NioSocketImpl.java:597) ~[na:na]
	at java.base/java.net.SocksSocketImpl.connect(SocksSocketImpl.java:327) ~[na:na]
	at java.base/java.net.Socket.connect(Socket.java:633) ~[na:na]
	at com.rabbitmq.client.impl.SocketFrameHandlerFactory.create(SocketFrameHandlerFactory.java:61) ~[amqp-client-5.17.1.jar:5.17.1]
	at com.rabbitmq.client.ConnectionFactory.newConnection(ConnectionFactory.java:1234) ~[amqp-client-5.17.1.jar:5.17.1]
	at com.rabbitmq.client.ConnectionFactory.newConnection(ConnectionFactory.java:1184) ~[amqp-client-5.17.1.jar:5.17.1]
	at com.rabbitmq.client.ConnectionFactory.newConnection(ConnectionFactory.java:1354) ~[amqp-client-5.17.1.jar:5.17.1]
	at org.springframework.amqp.rabbit.connection.AbstractConnectionFactory.connectHostPort(AbstractConnectionFactory.java:645) ~[spring-rabbit-3.0.9.jar:3.0.9]
	at org.springframework.amqp.rabbit.connection.AbstractConnectionFactory.connect(AbstractConnectionFactory.java:610) ~[spring-rabbit-3.0.9.jar:3.0.9]
	at org.springframework.amqp.rabbit.connection.AbstractConnectionFactory.createBareConnection(AbstractConnectionFactory.java:557) ~[spring-rabbit-3.0.9.jar:3.0.9]
	... 12 common frames omitted

2023-11-14T14:03:45.176+09:00  INFO 22408 --- [org.springframework.amqp.rabbit.RabbitListenerEndpointContainer#0-1] o.s.a.r.c.CachingConnectionFactory       : Attempting to connect to: localhost:5672
2023-11-14T14:03:45.201+09:00  INFO 22408 --- [restartedMain] com.a504.qookie.QookieApplication        : Started QookieApplication in 9.564 seconds (process running for 10.46)
2023-11-14T14:04:07.478+09:00  INFO 22408 --- [http-nio-8000-exec-1] o.a.c.c.C.[Tomcat].[localhost].[/]       : Initializing Spring DispatcherServlet 'dispatcherServlet'
2023-11-14T14:04:07.478+09:00  INFO 22408 --- [http-nio-8000-exec-1] o.s.web.servlet.DispatcherServlet        : Initializing Servlet 'dispatcherServlet'
2023-11-14T14:04:07.479+09:00  INFO 22408 --- [http-nio-8000-exec-1] o.s.web.servlet.DispatcherServlet        : Completed initialization in 1 ms
2023-11-14T14:04:08.688+09:00 DEBUG 22408 --- [http-nio-8000-exec-3] org.hibernate.SQL                        : select m1_0.member_id,m1_0.active,m1_0.email,m1_0.message_token,m1_0.name,m1_0.point,m1_0.uid,m1_0.wakeup from member m1_0 where m1_0.uid=?
2023-11-14T14:04:08.772+09:00 DEBUG 22408 --- [http-nio-8000-exec-3] org.hibernate.SQL                        : select m1_0.member_quest_id,m1_0.created_at,m1_0.image,m1_0.member_id,m1_0.quest_id from member_quest m1_0 where m1_0.created_at between ? and ?
2023-11-14T14:04:08.919+09:00 DEBUG 22408 --- [http-nio-8000-exec-4] org.hibernate.SQL                        : select m1_0.member_id,m1_0.active,m1_0.email,m1_0.message_token,m1_0.name,m1_0.point,m1_0.uid,m1_0.wakeup from member m1_0 where m1_0.uid=?
2023-11-14T14:04:08.940+09:00 DEBUG 22408 --- [http-nio-8000-exec-4] org.hibernate.SQL                        : select m1_0.member_quest_id,m1_0.created_at,m1_0.image,m1_0.member_id,m1_0.quest_id from member_quest m1_0 where m1_0.created_at between ? and ?
2023-11-14T14:04:09.387+09:00 DEBUG 22408 --- [http-nio-8000-exec-6] org.hibernate.SQL                        : select m1_0.member_id,m1_0.active,m1_0.email,m1_0.message_token,m1_0.name,m1_0.point,m1_0.uid,m1_0.wakeup from member m1_0 where m1_0.uid=?
2023-11-14T14:04:09.425+09:00  INFO 22408 --- [http-nio-8000-exec-6] c.a.q.domain.geo.GeolocationController   : ACC: 13.901LAT: 37.5014096 LON: 127.039694HEAD: 0.0SPD: 0.0
2023-11-14T14:04:09.425+09:00  INFO 22408 --- [http-nio-8000-exec-6] c.a.q.domain.geo.GeolocationController   : 1.5620390019649293
2023-11-14T14:04:11.563+09:00 DEBUG 22408 --- [http-nio-8000-exec-7] org.hibernate.SQL                        : select m1_0.member_id,m1_0.active,m1_0.email,m1_0.message_token,m1_0.name,m1_0.point,m1_0.uid,m1_0.wakeup from member m1_0 where m1_0.uid=?
2023-11-14T14:04:11.593+09:00  INFO 22408 --- [http-nio-8000-exec-7] c.a.q.domain.geo.GeolocationController   : ACC: 13.901LAT: 37.5014096 LON: 127.039694HEAD: 0.0SPD: 0.0
2023-11-14T14:04:11.594+09:00  INFO 22408 --- [http-nio-8000-exec-7] c.a.q.domain.geo.GeolocationController   : 1.5620390019649293
2023-11-14T14:04:13.721+09:00 DEBUG 22408 --- [http-nio-8000-exec-8] org.hibernate.SQL                        : select m1_0.member_id,m1_0.active,m1_0.email,m1_0.message_token,m1_0.name,m1_0.point,m1_0.uid,m1_0.wakeup from member m1_0 where m1_0.uid=?
2023-11-14T14:04:13.759+09:00  INFO 22408 --- [http-nio-8000-exec-8] c.a.q.domain.geo.GeolocationController   : ACC: 13.901LAT: 37.5014096 LON: 127.039694HEAD: 0.0SPD: 0.0
2023-11-14T14:04:13.759+09:00  INFO 22408 --- [http-nio-8000-exec-8] c.a.q.domain.geo.GeolocationController   : 1.5620390019649293
2023-11-14T14:04:15.855+09:00 DEBUG 22408 --- [http-nio-8000-exec-10] org.hibernate.SQL                        : select m1_0.member_id,m1_0.active,m1_0.email,m1_0.message_token,m1_0.name,m1_0.point,m1_0.uid,m1_0.wakeup from member m1_0 where m1_0.uid=?
2023-11-14T14:04:15.887+09:00  INFO 22408 --- [http-nio-8000-exec-10] c.a.q.domain.geo.GeolocationController   : ACC: 13.901LAT: 37.5014096 LON: 127.039694HEAD: 0.0SPD: 0.0
2023-11-14T14:04:15.887+09:00  INFO 22408 --- [http-nio-8000-exec-10] c.a.q.domain.geo.GeolocationController   : 1.5620390019649293
2023-11-14T14:04:17.990+09:00 DEBUG 22408 --- [http-nio-8000-exec-1] org.hibernate.SQL                        : select m1_0.member_id,m1_0.active,m1_0.email,m1_0.message_token,m1_0.name,m1_0.point,m1_0.uid,m1_0.wakeup from member m1_0 where m1_0.uid=?
2023-11-14T14:04:18.030+09:00  INFO 22408 --- [http-nio-8000-exec-1] c.a.q.domain.geo.GeolocationController   : ACC: 13.901LAT: 37.5014096 LON: 127.039694HEAD: 0.0SPD: 0.0
2023-11-14T14:04:18.030+09:00  INFO 22408 --- [http-nio-8000-exec-1] c.a.q.domain.geo.GeolocationController   : 1.5620390019649293
2023-11-14T14:04:20.146+09:00 DEBUG 22408 --- [http-nio-8000-exec-2] org.hibernate.SQL                        : select m1_0.member_id,m1_0.active,m1_0.email,m1_0.message_token,m1_0.name,m1_0.point,m1_0.uid,m1_0.wakeup from member m1_0 where m1_0.uid=?
2023-11-14T14:04:20.182+09:00  INFO 22408 --- [http-nio-8000-exec-2] c.a.q.domain.geo.GeolocationController   : ACC: 13.901LAT: 37.5014096 LON: 127.039694HEAD: 0.0SPD: 0.0
2023-11-14T14:04:20.182+09:00  INFO 22408 --- [http-nio-8000-exec-2] c.a.q.domain.geo.GeolocationController   : 1.5620390019649293
2023-11-14T14:04:22.397+09:00 DEBUG 22408 --- [http-nio-8000-exec-4] org.hibernate.SQL                        : select m1_0.member_id,m1_0.active,m1_0.email,m1_0.message_token,m1_0.name,m1_0.point,m1_0.uid,m1_0.wakeup from member m1_0 where m1_0.uid=?
2023-11-14T14:04:22.726+09:00  INFO 22408 --- [http-nio-8000-exec-4] c.a.q.domain.geo.GeolocationController   : ACC: 13.901LAT: 37.5014096 LON: 127.039694HEAD: 0.0SPD: 0.0
2023-11-14T14:04:22.726+09:00  INFO 22408 --- [http-nio-8000-exec-4] c.a.q.domain.geo.GeolocationController   : 1.5620390019649293
2023-11-14T14:04:25.014+09:00 DEBUG 22408 --- [http-nio-8000-exec-5] org.hibernate.SQL                        : select m1_0.member_id,m1_0.active,m1_0.email,m1_0.message_token,m1_0.name,m1_0.point,m1_0.uid,m1_0.wakeup from member m1_0 where m1_0.uid=?
2023-11-14T14:04:25.199+09:00  INFO 22408 --- [http-nio-8000-exec-5] c.a.q.domain.geo.GeolocationController   : ACC: 13.901LAT: 37.5014096 LON: 127.039694HEAD: 0.0SPD: 0.0
2023-11-14T14:04:25.199+09:00  INFO 22408 --- [http-nio-8000-exec-5] c.a.q.domain.geo.GeolocationController   : 1.5620390019649293
2023-11-14T14:04:27.542+09:00 DEBUG 22408 --- [http-nio-8000-exec-7] org.hibernate.SQL                        : select m1_0.member_id,m1_0.active,m1_0.email,m1_0.message_token,m1_0.name,m1_0.point,m1_0.uid,m1_0.wakeup from member m1_0 where m1_0.uid=?
2023-11-14T14:04:27.736+09:00  INFO 22408 --- [http-nio-8000-exec-7] c.a.q.domain.geo.GeolocationController   : ACC: 13.901LAT: 37.5014096 LON: 127.039694HEAD: 0.0SPD: 0.0
2023-11-14T14:04:27.736+09:00  INFO 22408 --- [http-nio-8000-exec-7] c.a.q.domain.geo.GeolocationController   : 1.5620390019649293
2023-11-14T14:04:29.826+09:00 DEBUG 22408 --- [http-nio-8000-exec-8] org.hibernate.SQL                        : select m1_0.member_id,m1_0.active,m1_0.email,m1_0.message_token,m1_0.name,m1_0.point,m1_0.uid,m1_0.wakeup from member m1_0 where m1_0.uid=?
2023-11-14T14:04:29.861+09:00  INFO 22408 --- [http-nio-8000-exec-8] c.a.q.domain.geo.GeolocationController   : ACC: 13.901LAT: 37.5014096 LON: 127.039694HEAD: 0.0SPD: 0.0
2023-11-14T14:04:29.862+09:00  INFO 22408 --- [http-nio-8000-exec-8] c.a.q.domain.geo.GeolocationController   : 1.5620390019649293
2023-11-14T14:04:32.062+09:00 DEBUG 22408 --- [http-nio-8000-exec-9] org.hibernate.SQL                        : select m1_0.member_id,m1_0.active,m1_0.email,m1_0.message_token,m1_0.name,m1_0.point,m1_0.uid,m1_0.wakeup from member m1_0 where m1_0.uid=?
2023-11-14T14:04:32.129+09:00  INFO 22408 --- [http-nio-8000-exec-9] c.a.q.domain.geo.GeolocationController   : ACC: 13.756LAT: 37.5014124 LON: 127.0397015HEAD: 0.0SPD: 0.0
2023-11-14T14:04:32.129+09:00  INFO 22408 --- [http-nio-8000-exec-9] c.a.q.domain.geo.GeolocationController   : 2.2932498368804004
